<?xml version="1.0" encoding="UTF-8"?>
<testsuite name="tour.guide.edge.EdgeApplicationTests" tests="1" skipped="0" failures="0" errors="0" timestamp="2020-06-08T22:42:19" hostname="LAPTOP-COEISLMB" time="0.942">
  <properties/>
  <testcase name="contextLoads()" classname="tour.guide.edge.EdgeApplicationTests" time="0.942"/>
  <system-out><![CDATA[00:41:53.184 [Test worker] DEBUG org.springframework.test.context.BootstrapUtils - Instantiating CacheAwareContextLoaderDelegate from class [org.springframework.test.context.cache.DefaultCacheAwareContextLoaderDelegate]
00:41:53.211 [Test worker] DEBUG org.springframework.test.context.BootstrapUtils - Instantiating BootstrapContext using constructor [public org.springframework.test.context.support.DefaultBootstrapContext(java.lang.Class,org.springframework.test.context.CacheAwareContextLoaderDelegate)]
00:41:53.258 [Test worker] DEBUG org.springframework.test.context.BootstrapUtils - Instantiating TestContextBootstrapper for test class [tour.guide.edge.EdgeApplicationTests] from class [org.springframework.boot.test.context.SpringBootTestContextBootstrapper]
00:41:53.347 [Test worker] INFO org.springframework.boot.test.context.SpringBootTestContextBootstrapper - Neither @ContextConfiguration nor @ContextHierarchy found for test class [tour.guide.edge.EdgeApplicationTests], using SpringBootContextLoader
00:41:53.355 [Test worker] DEBUG org.springframework.test.context.support.AbstractContextLoader - Did not detect default resource location for test class [tour.guide.edge.EdgeApplicationTests]: class path resource [tour/guide/edge/EdgeApplicationTests-context.xml] does not exist
00:41:53.356 [Test worker] DEBUG org.springframework.test.context.support.AbstractContextLoader - Did not detect default resource location for test class [tour.guide.edge.EdgeApplicationTests]: class path resource [tour/guide/edge/EdgeApplicationTestsContext.groovy] does not exist
00:41:53.356 [Test worker] INFO org.springframework.test.context.support.AbstractContextLoader - Could not detect default resource locations for test class [tour.guide.edge.EdgeApplicationTests]: no resource found for suffixes {-context.xml, Context.groovy}.
00:41:53.357 [Test worker] INFO org.springframework.test.context.support.AnnotationConfigContextLoaderUtils - Could not detect default configuration classes for test class [tour.guide.edge.EdgeApplicationTests]: EdgeApplicationTests does not declare any static, non-private, non-final, nested classes annotated with @Configuration.
00:41:53.504 [Test worker] DEBUG org.springframework.test.context.support.ActiveProfilesUtils - Could not find an 'annotation declaring class' for annotation type [org.springframework.test.context.ActiveProfiles] and class [tour.guide.edge.EdgeApplicationTests]
00:41:53.628 [Test worker] DEBUG org.springframework.context.annotation.ClassPathScanningCandidateComponentProvider - Identified candidate component class: file [C:\Users\VAS TECNO\Documents\workspace-sts-3.9.11.RELEASE\JavaPathENProject8-master\TourGuide-Eureka\build\classes\java\main\tour\guide\edge\EdgeApplication.class]
00:41:53.631 [Test worker] INFO org.springframework.boot.test.context.SpringBootTestContextBootstrapper - Found @SpringBootConfiguration tour.guide.edge.EdgeApplication for test class tour.guide.edge.EdgeApplicationTests
00:41:53.887 [Test worker] DEBUG org.springframework.boot.test.context.SpringBootTestContextBootstrapper - @TestExecutionListeners is not present for class [tour.guide.edge.EdgeApplicationTests]: using defaults.
00:41:53.888 [Test worker] INFO org.springframework.boot.test.context.SpringBootTestContextBootstrapper - Loaded default TestExecutionListener class names from location [META-INF/spring.factories]: [org.springframework.boot.test.autoconfigure.restdocs.RestDocsTestExecutionListener, org.springframework.boot.test.autoconfigure.web.client.MockRestServiceServerResetTestExecutionListener, org.springframework.boot.test.autoconfigure.web.servlet.MockMvcPrintOnlyOnFailureTestExecutionListener, org.springframework.boot.test.autoconfigure.web.servlet.WebDriverTestExecutionListener, org.springframework.boot.test.mock.mockito.MockitoTestExecutionListener, org.springframework.boot.test.mock.mockito.ResetMocksTestExecutionListener, org.springframework.test.context.web.ServletTestExecutionListener, org.springframework.test.context.support.DirtiesContextBeforeModesTestExecutionListener, org.springframework.test.context.support.DependencyInjectionTestExecutionListener, org.springframework.test.context.support.DirtiesContextTestExecutionListener, org.springframework.test.context.transaction.TransactionalTestExecutionListener, org.springframework.test.context.jdbc.SqlScriptsTestExecutionListener, org.springframework.test.context.event.EventPublishingTestExecutionListener]
00:41:53.931 [Test worker] DEBUG org.springframework.boot.test.context.SpringBootTestContextBootstrapper - Skipping candidate TestExecutionListener [org.springframework.test.context.transaction.TransactionalTestExecutionListener] due to a missing dependency. Specify custom listener classes or make the default listener classes and their required dependencies available. Offending class: [org/springframework/transaction/interceptor/TransactionAttributeSource]
00:41:53.932 [Test worker] DEBUG org.springframework.boot.test.context.SpringBootTestContextBootstrapper - Skipping candidate TestExecutionListener [org.springframework.test.context.jdbc.SqlScriptsTestExecutionListener] due to a missing dependency. Specify custom listener classes or make the default listener classes and their required dependencies available. Offending class: [org/springframework/transaction/interceptor/TransactionAttribute]
00:41:53.933 [Test worker] INFO org.springframework.boot.test.context.SpringBootTestContextBootstrapper - Using TestExecutionListeners: [org.springframework.test.context.web.ServletTestExecutionListener@65e1f93, org.springframework.test.context.support.DirtiesContextBeforeModesTestExecutionListener@657feb6f, org.springframework.boot.test.mock.mockito.MockitoTestExecutionListener@2ae65058, org.springframework.boot.test.autoconfigure.SpringBootDependencyInjectionTestExecutionListener@5c60243, org.springframework.test.context.support.DirtiesContextTestExecutionListener@731227ef, org.springframework.test.context.event.EventPublishingTestExecutionListener@69ac9e71, org.springframework.boot.test.autoconfigure.restdocs.RestDocsTestExecutionListener@7150778c, org.springframework.boot.test.autoconfigure.web.client.MockRestServiceServerResetTestExecutionListener@44b1b7ff, org.springframework.boot.test.autoconfigure.web.servlet.MockMvcPrintOnlyOnFailureTestExecutionListener@267ecdd9, org.springframework.boot.test.autoconfigure.web.servlet.WebDriverTestExecutionListener@2bac9071, org.springframework.boot.test.mock.mockito.ResetMocksTestExecutionListener@59b26e9f]
00:41:53.939 [Test worker] DEBUG org.springframework.test.context.support.AbstractDirtiesContextTestExecutionListener - Before test class: context [DefaultTestContext@2ed9d6a6 testClass = EdgeApplicationTests, testInstance = [null], testMethod = [null], testException = [null], mergedContextConfiguration = [WebMergedContextConfiguration@ac71fa1 testClass = EdgeApplicationTests, locations = '{}', classes = '{class tour.guide.edge.EdgeApplication}', contextInitializerClasses = '[]', activeProfiles = '{}', propertySourceLocations = '{}', propertySourceProperties = '{org.springframework.boot.test.context.SpringBootTestContextBootstrapper=true}', contextCustomizers = set[org.springframework.boot.test.autoconfigure.properties.PropertyMappingContextCustomizer@0, org.springframework.boot.test.autoconfigure.web.servlet.WebDriverContextCustomizerFactory$Customizer@35d5db60, org.springframework.boot.test.context.filter.ExcludeFilterContextCustomizer@61bb4b6b, org.springframework.boot.test.json.DuplicateJsonObjectContextCustomizerFactory$DuplicateJsonObjectContextCustomizer@48eb7568, org.springframework.boot.test.mock.mockito.MockitoContextCustomizer@0, org.springframework.boot.test.web.client.TestRestTemplateContextCustomizer@188de725], resourceBasePath = 'src/main/webapp', contextLoader = 'org.springframework.boot.test.context.SpringBootContextLoader', parent = [null]], attributes = map['org.springframework.test.context.web.ServletTestExecutionListener.activateListener' -> true]], class annotated with @DirtiesContext [false] with mode [null].
00:41:54.004 [Test worker] DEBUG org.springframework.test.context.support.TestPropertySourceUtils - Adding inlined properties to environment: {spring.jmx.enabled=false, org.springframework.boot.test.context.SpringBootTestContextBootstrapper=true, server.port=-1}

  .   ____          _            __ _ _
 /\\ / ___'_ __ _ _(_)_ __  __ _ \ \ \ \
( ( )\___ | '_ | '_| | '_ \/ _` | \ \ \ \
 \\/  ___)| |_)| | | | | || (_| |  ) ) ) )
  '  |____| .__|_| |_|_| |_\__, | / / / /
 =========|_|==============|___/=/_/_/_/
 :: Spring Boot ::        (v2.2.5.RELEASE)

2020-06-09 00:41:57.581  INFO 9908 --- [    Test worker] tour.guide.edge.EdgeApplicationTests     : No active profile set, falling back to default profiles: default
2020-06-09 00:41:59.307  WARN 9908 --- [    Test worker] o.s.boot.actuate.endpoint.EndpointId     : Endpoint ID 'service-registry' contains invalid characters, please migrate to a valid format.
2020-06-09 00:41:59.667  INFO 9908 --- [    Test worker] o.s.cloud.context.scope.GenericScope     : BeanFactory id=0d55a1f8-d32e-36de-8bc5-e4104deff68f
2020-06-09 00:42:00.739  WARN 9908 --- [    Test worker] c.n.c.sources.URLConfigurationSource     : No URLs will be polled as dynamic configuration sources.
2020-06-09 00:42:00.740  INFO 9908 --- [    Test worker] c.n.c.sources.URLConfigurationSource     : To enable URLs as dynamic configuration sources, define System property archaius.configurationSource.additionalUrls or make config.properties available on classpath.
2020-06-09 00:42:00.753  WARN 9908 --- [    Test worker] c.n.c.sources.URLConfigurationSource     : No URLs will be polled as dynamic configuration sources.
2020-06-09 00:42:00.753  INFO 9908 --- [    Test worker] c.n.c.sources.URLConfigurationSource     : To enable URLs as dynamic configuration sources, define System property archaius.configurationSource.additionalUrls or make config.properties available on classpath.
2020-06-09 00:42:02.446  INFO 9908 --- [    Test worker] o.s.s.concurrent.ThreadPoolTaskExecutor  : Initializing ExecutorService 'applicationTaskExecutor'
2020-06-09 00:42:09.034  WARN 9908 --- [    Test worker] ockingLoadBalancerClientRibbonWarnLogger : You already have RibbonLoadBalancerClient on your classpath. It will be used by default. As Spring Cloud Ribbon is in maintenance mode. We recommend switching to BlockingLoadBalancerClient instead. In order to use it, set the value of `spring.cloud.loadbalancer.ribbon.enabled` to `false` or remove spring-cloud-starter-netflix-ribbon from your project.
2020-06-09 00:42:10.288  INFO 9908 --- [    Test worker] o.s.c.n.eureka.InstanceInfoFactory       : Setting initial instance status as: STARTING
2020-06-09 00:42:10.373  INFO 9908 --- [    Test worker] com.netflix.discovery.DiscoveryClient    : Initializing Eureka in region us-east-1
2020-06-09 00:42:10.377  INFO 9908 --- [    Test worker] com.netflix.discovery.DiscoveryClient    : Client configured to neither register nor query for data.
2020-06-09 00:42:10.419  INFO 9908 --- [    Test worker] com.netflix.discovery.DiscoveryClient    : Discovery Client initialized at timestamp 1591656130399 with initial instances count: 0
2020-06-09 00:42:10.580  INFO 9908 --- [    Test worker] c.n.eureka.DefaultEurekaServerContext    : Initializing ...
2020-06-09 00:42:10.587  INFO 9908 --- [    Test worker] c.n.eureka.cluster.PeerEurekaNodes       : Adding new peer nodes [http://localhost:8091/eureka/]
2020-06-09 00:42:18.017  INFO 9908 --- [    Test worker] c.n.d.provider.DiscoveryJerseyProvider   : Using JSON encoding codec LegacyJacksonJson
2020-06-09 00:42:18.018  INFO 9908 --- [    Test worker] c.n.d.provider.DiscoveryJerseyProvider   : Using JSON decoding codec LegacyJacksonJson
2020-06-09 00:42:18.019  INFO 9908 --- [    Test worker] c.n.d.provider.DiscoveryJerseyProvider   : Using XML encoding codec XStreamXml
2020-06-09 00:42:18.019  INFO 9908 --- [    Test worker] c.n.d.provider.DiscoveryJerseyProvider   : Using XML decoding codec XStreamXml
2020-06-09 00:42:18.711  INFO 9908 --- [    Test worker] c.n.eureka.cluster.PeerEurekaNodes       : Replica node URL:  http://localhost:8091/eureka/
2020-06-09 00:42:18.729  INFO 9908 --- [    Test worker] c.n.e.registry.AbstractInstanceRegistry  : Finished initializing remote region registries. All known remote regions: []
2020-06-09 00:42:18.730  INFO 9908 --- [    Test worker] c.n.eureka.DefaultEurekaServerContext    : Initialized
2020-06-09 00:42:19.416  INFO 9908 --- [    Test worker] o.s.b.a.e.web.EndpointLinksResolver      : Exposing 17 endpoint(s) beneath base path '/actuator'
2020-06-09 00:42:19.620  INFO 9908 --- [      Thread-14] o.s.c.n.e.server.EurekaServerBootstrap   : Setting the eureka configuration..
2020-06-09 00:42:19.663  INFO 9908 --- [      Thread-14] o.s.c.n.e.server.EurekaServerBootstrap   : Eureka data center value eureka.datacenter is not set, defaulting to default
2020-06-09 00:42:19.665  INFO 9908 --- [      Thread-14] o.s.c.n.e.server.EurekaServerBootstrap   : Eureka environment value eureka.environment is not set, defaulting to test
2020-06-09 00:42:19.681  INFO 9908 --- [    Test worker] tour.guide.edge.EdgeApplicationTests     : Started EdgeApplicationTests in 25.637 seconds (JVM running for 29.097)
2020-06-09 00:42:19.703  INFO 9908 --- [      Thread-14] o.s.c.n.e.server.EurekaServerBootstrap   : isAws returned false
2020-06-09 00:42:19.704  INFO 9908 --- [      Thread-14] o.s.c.n.e.server.EurekaServerBootstrap   : Initialized server context
2020-06-09 00:42:19.704  INFO 9908 --- [      Thread-14] c.n.e.r.PeerAwareInstanceRegistryImpl    : Got 1 instances from neighboring DS node
2020-06-09 00:42:19.704  INFO 9908 --- [      Thread-14] c.n.e.r.PeerAwareInstanceRegistryImpl    : Renew threshold is: 1
2020-06-09 00:42:19.704  INFO 9908 --- [      Thread-14] c.n.e.r.PeerAwareInstanceRegistryImpl    : Changing status to UP
2020-06-09 00:42:19.736  INFO 9908 --- [      Thread-14] e.s.EurekaServerInitializerConfiguration : Started Eureka Server
]]></system-out>
  <system-err><![CDATA[]]></system-err>
</testsuite>
