<?xml version="1.0" encoding="UTF-8"?>
<testsuite name="tourGuide.TestRewardsService" tests="2" skipped="0" failures="0" errors="0" timestamp="2020-06-14T20:08:46" hostname="LAPTOP-COEISLMB" time="0.084">
  <properties/>
  <testcase name="userGetRewards" classname="tourGuide.TestRewardsService" time="0.072"/>
  <testcase name="isWithinAttractionProximity" classname="tourGuide.TestRewardsService" time="0.01"/>
  <system-out><![CDATA[22:08:46.463 [Test worker] INFO tourGuide.service.TourGuideService - TestMode enabled
22:08:46.464 [Test worker] DEBUG tourGuide.service.TourGuideService - Initializing users
22:08:46.464 [Test worker] DEBUG tourGuide.service.TourGuideService - Created 0 internal test users.
22:08:46.464 [Test worker] DEBUG tourGuide.service.TourGuideService - Finished initializing users
22:08:46.466 [pool-6-thread-1] DEBUG tourGuide.tracker.Tracker - Begin Tracker. Tracking 0 users.
22:08:46.466 [pool-6-thread-1] DEBUG tourGuide.tracker.Tracker - Tracker Time Elapsed: 0 seconds.
22:08:46.467 [pool-6-thread-1] DEBUG tourGuide.tracker.Tracker - Tracker sleeping
]]></system-out>
  <system-err><![CDATA[]]></system-err>
</testsuite>
