<?xml version="1.0" encoding="UTF-8"?>
<testsuite name="tourGuide.TestRewardsService" tests="2" skipped="0" failures="0" errors="0" timestamp="2020-06-14T19:47:24" hostname="LAPTOP-COEISLMB" time="0.098">
  <properties/>
  <testcase name="userGetRewards" classname="tourGuide.TestRewardsService" time="0.087"/>
  <testcase name="isWithinAttractionProximity" classname="tourGuide.TestRewardsService" time="0.01"/>
  <system-out><![CDATA[21:47:24.594 [Test worker] INFO tourGuide.service.TourGuideService - TestMode enabled
21:47:24.594 [Test worker] DEBUG tourGuide.service.TourGuideService - Initializing users
21:47:24.594 [Test worker] DEBUG tourGuide.service.TourGuideService - Created 0 internal test users.
21:47:24.594 [Test worker] DEBUG tourGuide.service.TourGuideService - Finished initializing users
21:47:24.595 [pool-3-thread-1] DEBUG tourGuide.tracker.Tracker - Begin Tracker. Tracking 0 users.
21:47:24.595 [pool-3-thread-1] DEBUG tourGuide.tracker.Tracker - Tracker Time Elapsed: 0 seconds.
21:47:24.596 [pool-3-thread-1] DEBUG tourGuide.tracker.Tracker - Tracker sleeping
]]></system-out>
  <system-err><![CDATA[]]></system-err>
</testsuite>
