<?xml version="1.0" encoding="UTF-8"?>
<testsuite name="tourGuide.TestTourGuideService" tests="7" skipped="0" failures="0" errors="0" timestamp="2020-06-14T20:08:46" hostname="LAPTOP-COEISLMB" time="0.33">
  <properties/>
  <testcase name="submitLocationTest" classname="tourGuide.TestTourGuideService" time="0.016"/>
  <testcase name="addUserTest" classname="tourGuide.TestTourGuideService" time="0.001"/>
  <testcase name="getAllUsersTest" classname="tourGuide.TestTourGuideService" time="0.004"/>
  <testcase name="getNearbyAttractionsTest" classname="tourGuide.TestTourGuideService" time="0.104"/>
  <testcase name="getAttractionsTest" classname="tourGuide.TestTourGuideService" time="0.011"/>
  <testcase name="trackUserTest" classname="tourGuide.TestTourGuideService" time="0.091"/>
  <testcase name="getUserLocationTest" classname="tourGuide.TestTourGuideService" time="0.098"/>
  <system-out><![CDATA[22:08:46.560 [Test worker] INFO tourGuide.service.TourGuideService - TestMode enabled
22:08:46.561 [Test worker] DEBUG tourGuide.service.TourGuideService - Initializing users
22:08:46.561 [Test worker] DEBUG tourGuide.service.TourGuideService - Created 0 internal test users.
22:08:46.561 [Test worker] DEBUG tourGuide.service.TourGuideService - Finished initializing users
22:08:46.563 [pool-8-thread-1] DEBUG tourGuide.tracker.Tracker - Begin Tracker. Tracking 0 users.
22:08:46.566 [pool-8-thread-1] DEBUG tourGuide.tracker.Tracker - Tracker Time Elapsed: 0 seconds.
22:08:46.568 [pool-8-thread-1] DEBUG tourGuide.tracker.Tracker - Tracker sleeping
22:08:46.576 [Test worker] INFO tourGuide.service.TourGuideService - TestMode enabled
22:08:46.577 [Test worker] DEBUG tourGuide.service.TourGuideService - Initializing users
22:08:46.577 [Test worker] DEBUG tourGuide.service.TourGuideService - Created 0 internal test users.
22:08:46.577 [Test worker] DEBUG tourGuide.service.TourGuideService - Finished initializing users
22:08:46.580 [Test worker] INFO tourGuide.service.TourGuideService - TestMode enabled
22:08:46.580 [Test worker] DEBUG tourGuide.service.TourGuideService - Initializing users
22:08:46.580 [Test worker] DEBUG tourGuide.service.TourGuideService - Created 0 internal test users.
22:08:46.580 [Test worker] DEBUG tourGuide.service.TourGuideService - Finished initializing users
22:08:46.583 [Test worker] INFO tourGuide.service.TourGuideService - TestMode enabled
22:08:46.589 [Test worker] DEBUG tourGuide.service.TourGuideService - Initializing users
22:08:46.592 [Test worker] DEBUG tourGuide.service.TourGuideService - Created 0 internal test users.
22:08:46.592 [Test worker] DEBUG tourGuide.service.TourGuideService - Finished initializing users
22:08:46.596 [pool-10-thread-1] DEBUG tourGuide.tracker.Tracker - Tracker stopping
22:08:46.596 [pool-12-thread-1] DEBUG tourGuide.tracker.Tracker - Tracker stopping
22:08:46.596 [pool-14-thread-1] DEBUG tourGuide.tracker.Tracker - Begin Tracker. Tracking 0 users.
22:08:46.598 [pool-14-thread-1] DEBUG tourGuide.tracker.Tracker - Tracker Time Elapsed: 0 seconds.
22:08:46.598 [pool-14-thread-1] DEBUG tourGuide.tracker.Tracker - Tracker sleeping
22:08:46.688 [Test worker] INFO tourGuide.service.TourGuideService - TestMode enabled
22:08:46.688 [Test worker] DEBUG tourGuide.service.TourGuideService - Initializing users
22:08:46.688 [Test worker] DEBUG tourGuide.service.TourGuideService - Created 0 internal test users.
22:08:46.688 [Test worker] DEBUG tourGuide.service.TourGuideService - Finished initializing users
22:08:46.690 [pool-16-thread-1] DEBUG tourGuide.tracker.Tracker - Begin Tracker. Tracking 0 users.
22:08:46.691 [pool-16-thread-1] DEBUG tourGuide.tracker.Tracker - Tracker Time Elapsed: 0 seconds.
22:08:46.692 [pool-16-thread-1] DEBUG tourGuide.tracker.Tracker - Tracker sleeping
22:08:46.700 [Test worker] INFO tourGuide.service.TourGuideService - TestMode enabled
22:08:46.700 [Test worker] DEBUG tourGuide.service.TourGuideService - Initializing users
22:08:46.701 [Test worker] DEBUG tourGuide.service.TourGuideService - Created 0 internal test users.
22:08:46.701 [Test worker] DEBUG tourGuide.service.TourGuideService - Finished initializing users
22:08:46.703 [pool-18-thread-1] DEBUG tourGuide.tracker.Tracker - Begin Tracker. Tracking 0 users.
22:08:46.704 [pool-18-thread-1] DEBUG tourGuide.tracker.Tracker - Tracker Time Elapsed: 0 seconds.
22:08:46.705 [pool-18-thread-1] DEBUG tourGuide.tracker.Tracker - Tracker sleeping
22:08:46.792 [Test worker] INFO tourGuide.service.TourGuideService - TestMode enabled
22:08:46.792 [Test worker] DEBUG tourGuide.service.TourGuideService - Initializing users
22:08:46.793 [Test worker] DEBUG tourGuide.service.TourGuideService - Created 0 internal test users.
22:08:46.794 [Test worker] DEBUG tourGuide.service.TourGuideService - Finished initializing users
22:08:46.796 [pool-20-thread-1] DEBUG tourGuide.tracker.Tracker - Begin Tracker. Tracking 0 users.
22:08:46.796 [pool-20-thread-1] DEBUG tourGuide.tracker.Tracker - Tracker Time Elapsed: 0 seconds.
22:08:46.797 [pool-20-thread-1] DEBUG tourGuide.tracker.Tracker - Tracker sleeping
]]></system-out>
  <system-err><![CDATA[]]></system-err>
</testsuite>
